{"numFailedTestSuites":1,"numFailedTests":4,"numPassedTestSuites":0,"numPassedTests":5,"numPendingTestSuites":0,"numPendingTests":0,"numRuntimeErrorTestSuites":0,"numTodoTests":0,"numTotalTestSuites":1,"numTotalTests":9,"openHandles":[],"snapshot":{"added":0,"didUpdate":false,"failure":false,"filesAdded":0,"filesRemoved":0,"filesRemovedList":[],"filesUnmatched":0,"filesUpdated":0,"matched":0,"total":0,"unchecked":0,"uncheckedKeysByFile":[],"unmatched":0,"updated":0},"startTime":1771934862526,"success":false,"testResults":[{"assertionResults":[{"ancestorTitles":["Pagination Component"],"duration":16,"failing":false,"failureDetails":[],"failureMessages":[],"fullName":"Pagination Component does not render when totalPages is 1 or less","invocations":1,"location":null,"numPassingAsserts":1,"retryReasons":[],"startAt":1771934864667,"status":"passed","title":"does not render when totalPages is 1 or less"},{"ancestorTitles":["Pagination Component"],"duration":29,"failing":false,"failureDetails":[{"name":"TestingLibraryElementError"}],"failureMessages":["TestingLibraryElementError: Found multiple elements with the text: 2\n\nHere are the matching elements:\n\nIgnored nodes: comments, script, style\n\u001b[36m<span\u001b[39m\n  \u001b[33mclass\u001b[39m=\u001b[32m\"font-bold text-gray-900\"\u001b[39m\n\u001b[36m>\u001b[39m\n  \u001b[0m2\u001b[0m\n\u001b[36m</span>\u001b[39m\n\nIgnored nodes: comments, script, style\n\u001b[36m<button\u001b[39m\n  \u001b[33mclass\u001b[39m=\u001b[32m\"w-8 h-8 flex items-center justify-center rounded-lg text-sm font-medium transition-all bg-emerald-600 text-white shadow-md shadow-emerald-200\"\u001b[39m\n\u001b[36m>\u001b[39m\n  \u001b[0m2\u001b[0m\n\u001b[36m</button>\u001b[39m\n\n(If this is intentional, then use the `*AllBy*` variant of the query (like `queryAllByText`, `getAllByText`, or `findAllByText`)).\n\nIgnored nodes: comments, script, style\n\u001b[36m<body>\u001b[39m\n  \u001b[36m<div>\u001b[39m\n    \u001b[36m<div\u001b[39m\n      \u001b[33mclass\u001b[39m=\u001b[32m\"flex items-center justify-between mt-6 bg-white p-4 rounded-xl shadow-sm border border-gray-100\"\u001b[39m\n    \u001b[36m>\u001b[39m\n      \u001b[36m<p\u001b[39m\n        \u001b[33mclass\u001b[39m=\u001b[32m\"text-sm text-gray-500 hidden sm:block\"\u001b[39m\n      \u001b[36m>\u001b[39m\n        \u001b[0mPágina \u001b[0m\n        \u001b[36m<span\u001b[39m\n          \u001b[33mclass\u001b[39m=\u001b[32m\"font-bold text-gray-900\"\u001b[39m\n        \u001b[36m>\u001b[39m\n          \u001b[0m2\u001b[0m\n        \u001b[36m</span>\u001b[39m\n        \u001b[0m de \u001b[0m\n        \u001b[36m<span\u001b[39m\n          \u001b[33mclass\u001b[39m=\u001b[32m\"font-bold text-gray-900\"\u001b[39m\n        \u001b[36m>\u001b[39m\n          \u001b[0m5\u001b[0m\n        \u001b[36m</span>\u001b[39m\n      \u001b[36m</p>\u001b[39m\n      \u001b[36m<div\u001b[39m\n        \u001b[33mclass\u001b[39m=\u001b[32m\"flex items-center gap-1 mx-auto sm:mx-0\"\u001b[39m\n      \u001b[36m>\u001b[39m\n        \u001b[36m<button\u001b[39m\n          \u001b[33maria-label\u001b[39m=\u001b[32m\"Anterior\"\u001b[39m\n          \u001b[33mclass\u001b[39m=\u001b[32m\"p-2 text-gray-500 hover:text-emerald-600 hover:bg-emerald-50 rounded-lg disabled:opacity-30 disabled:hover:bg-transparent transition-all\"\u001b[39m\n        \u001b[36m>\u001b[39m\n          \u001b[36m<svg\u001b[39m\n            \u001b[33maria-hidden\u001b[39m=\u001b[32m\"true\"\u001b[39m\n            \u001b[33mclass\u001b[39m=\u001b[32m\"lucide lucide-chevron-left w-5 h-5\"\u001b[39m\n            \u001b[33mfill\u001b[39m=\u001b[32m\"none\"\u001b[39m\n            \u001b[33mheight\u001b[39m=\u001b[32m\"24\"\u001b[39m\n            \u001b[33mstroke\u001b[39m=\u001b[32m\"currentColor\"\u001b[39m\n            \u001b[33mstroke-linecap\u001b[39m=\u001b[32m\"round\"\u001b[39m\n            \u001b[33mstroke-linejoin\u001b[39m=\u001b[32m\"round\"\u001b[39m\n            \u001b[33mstroke-width\u001b[39m=\u001b[32m\"2\"\u001b[39m\n            \u001b[33mviewBox\u001b[39m=\u001b[32m\"0 0 24 24\"\u001b[39m\n            \u001b[33mwidth\u001b[39m=\u001b[32m\"24\"\u001b[39m\n            \u001b[33mxmlns\u001b[39m=\u001b[32m\"http://www.w3.org/2000/svg\"\u001b[39m\n          \u001b[36m>\u001b[39m\n            \u001b[36m<path\u001b[39m\n              \u001b[33md\u001b[39m=\u001b[32m\"m15 18-6-6 6-6\"\u001b[39m\n            \u001b[36m/>\u001b[39m\n          \u001b[36m</svg>\u001b[39m\n        \u001b[36m</button>\u001b[39m\n        \u001b[36m<div\u001b[39m\n          \u001b[33mclass\u001b[39m=\u001b[32m\"flex items-center gap-1\"\u001b[39m\n        \u001b[36m>\u001b[39m\n          \u001b[36m<button\u001b[39m\n            \u001b[33mclass\u001b[39m=\u001b[32m\"w-8 h-8 flex items-center justify-center rounded-lg text-sm font-medium transition-all text-gray-600 hover:bg-gray-100\"\u001b[39m\n          \u001b[36m>\u001b[39m\n            \u001b[0m1\u001b[0m\n          \u001b[36m</button>\u001b[39m\n          \u001b[36m<button\u001b[39m\n            \u001b[33mclass\u001b[39m=\u001b[32m\"w-8 h-8 flex items-center justify-center rounded-lg text-sm font-medium transition-all bg-emerald-600 text-white shadow-md shadow-emerald-200\"\u001b[39m\n          \u001b[36m>\u001b[39m\n            \u001b[0m2\u001b[0m\n          \u001b[36m</button>\u001b[39m\n          \u001b[36m<button\u001b[39m\n            \u001b[33mclass\u001b[39m=\u001b[32m\"w-8 h-8 flex items-center justify-center rounded-lg text-sm font-medium transition-all text-gray-600 hover:bg-gray-100\"\u001b[39m\n          \u001b[36m>\u001b[39m\n            \u001b[0m3\u001b[0m\n          \u001b[36m</button>\u001b[39m\n          \u001b[36m<button\u001b[39m\n            \u001b[33mclass\u001b[39m=\u001b[32m\"w-8 h-8 flex items-center justify-center rounded-lg text-sm font-medium transition-all text-gray-600 hover:bg-gray-100\"\u001b[39m\n          \u001b[36m>\u001b[39m\n            \u001b[0m4\u001b[0m\n          \u001b[36m</button>\u001b[39m\n          \u001b[36m<button\u001b[39m\n            \u001b[33mclass\u001b[39m=\u001b[32m\"w-8 h-8 flex items-center justify-center rounded-lg text-sm font-medium transition-all text-gray-600 hover:bg-gray-100\"\u001b[39m\n          \u001b[36m>\u001b[39m\n            \u001b[0m5\u001b[0m\n          \u001b[36m</button>\u001b[39m\n        \u001b[36m</div>\u001b[39m\n        \u001b[36m<button\u001b[39m\n          \u001b[33maria-label\u001b[39m=\u001b[32m\"Próxima\"\u001b[39m\n          \u001b[33mclass\u001b[39m=\u001b[32m\"p-2 text-gray-500 hover:text-emerald-600 hover:bg-emerald-50 rounded-lg disabled:opacity-30 disabled:hover:bg-transparent transition-all\"\u001b[39m\n        \u001b[36m>\u001b[39m\n          \u001b[36m<svg\u001b[39m\n            \u001b[33maria-hidden\u001b[39m=\u001b[32m\"true\"\u001b[39m\n            \u001b[33mclass\u001b[39m=\u001b[32m\"lucide lucide-chevron-right w-5 h-5\"\u001b[39m\n            \u001b[33mfill\u001b[39m=\u001b[32m\"none\"\u001b[39m\n            \u001b[33mheight\u001b[39m=\u001b[32m\"24\"\u001b[39m\n            \u001b[33mstroke\u001b[39m=\u001b[32m\"currentColor\"\u001b[39m\n            \u001b[33mstroke-linecap\u001b[39m=\u001b[32m\"round\"\u001b[39m\n            \u001b[33mstroke-linejoin\u001b[39m=\u001b[32m\"round\"\u001b[39m\n            \u001b[33mstroke-width\u001b[39m=\u001b[32m\"2\"\u001b[39m\n            \u001b[33mviewBox\u001b[39m=\u001b[32m\"0 0 24 24\"\u001b[39m\n            \u001b[33mwidth\u001b[39m=\u001b[32m\"24\"\u001b[39m\n            \u001b[33mxmlns\u001b[39m=\u001b[32m\"http://www.w3.org/2000/svg\"\u001b[39m\n          \u001b[36m>\u001b[39m\n            \u001b[36m<path\u001b[39m\n              \u001b[33md\u001b[39m=\u001b[32m\"m9 18 6-6-6-6\"\u001b[39m\n            \u001b[36m/>\u001b[39m\n          \u001b[36m</svg>\u001b[39m\n        \u001b[36m</button>\u001b[39m\n      \u001b[36m</div>\u001b[39m\n    \u001b[36m</div>\u001b[39m\n  \u001b[36m</div>\u001b[39m\n\u001b[36m</body>\u001b[39m\n    at Object.getElementError (E:\\Projetos\\treeinspector-tree\\web\\node_modules\\@testing-library\\dom\\dist\\config.js:37:19)\n    at getElementError (E:\\Projetos\\treeinspector-tree\\web\\node_modules\\@testing-library\\dom\\dist\\query-helpers.js:20:35)\n    at getMultipleElementsFoundError (E:\\Projetos\\treeinspector-tree\\web\\node_modules\\@testing-library\\dom\\dist\\query-helpers.js:23:10)\n    at E:\\Projetos\\treeinspector-tree\\web\\node_modules\\@testing-library\\dom\\dist\\query-helpers.js:55:13\n    at E:\\Projetos\\treeinspector-tree\\web\\node_modules\\@testing-library\\dom\\dist\\query-helpers.js:95:19\n    at Object.<anonymous> (E:\\Projetos\\treeinspector-tree\\web\\__tests__\\components\\Pagination.test.tsx:19:23)\n    at Promise.finally.completed (E:\\Projetos\\treeinspector-tree\\web\\node_modules\\jest-circus\\build\\jestAdapterInit.js:1557:28)\n    at new Promise (<anonymous>)\n    at callAsyncCircusFn (E:\\Projetos\\treeinspector-tree\\web\\node_modules\\jest-circus\\build\\jestAdapterInit.js:1497:10)\n    at _callCircusTest (E:\\Projetos\\treeinspector-tree\\web\\node_modules\\jest-circus\\build\\jestAdapterInit.js:1007:40)\n    at _runTest (E:\\Projetos\\treeinspector-tree\\web\\node_modules\\jest-circus\\build\\jestAdapterInit.js:947:3)\n    at E:\\Projetos\\treeinspector-tree\\web\\node_modules\\jest-circus\\build\\jestAdapterInit.js:849:7\n    at _runTestsForDescribeBlock (E:\\Projetos\\treeinspector-tree\\web\\node_modules\\jest-circus\\build\\jestAdapterInit.js:862:11)\n    at _runTestsForDescribeBlock (E:\\Projetos\\treeinspector-tree\\web\\node_modules\\jest-circus\\build\\jestAdapterInit.js:857:11)\n    at run (E:\\Projetos\\treeinspector-tree\\web\\node_modules\\jest-circus\\build\\jestAdapterInit.js:761:3)\n    at runAndTransformResultsToJestFormat (E:\\Projetos\\treeinspector-tree\\web\\node_modules\\jest-circus\\build\\jestAdapterInit.js:1918:21)\n    at jestAdapter (E:\\Projetos\\treeinspector-tree\\web\\node_modules\\jest-circus\\build\\runner.js:101:19)\n    at runTestInternal (E:\\Projetos\\treeinspector-tree\\web\\node_modules\\jest-runner\\build\\index.js:275:16)\n    at runTest (E:\\Projetos\\treeinspector-tree\\web\\node_modules\\jest-runner\\build\\index.js:343:7)"],"fullName":"Pagination Component renders correct page information","invocations":1,"location":null,"numPassingAsserts":1,"retryReasons":[],"startAt":1771934864685,"status":"failed","title":"renders correct page information"},{"ancestorTitles":["Pagination Component"],"duration":8,"failing":false,"failureDetails":[{"name":"TestingLibraryElementError"}],"failureMessages":["TestingLibraryElementError: Found multiple elements with the text: 1\n\nHere are the matching elements:\n\nIgnored nodes: comments, script, style\n\u001b[36m<span\u001b[39m\n  \u001b[33mclass\u001b[39m=\u001b[32m\"font-bold text-gray-900\"\u001b[39m\n\u001b[36m>\u001b[39m\n  \u001b[0m1\u001b[0m\n\u001b[36m</span>\u001b[39m\n\nIgnored nodes: comments, script, style\n\u001b[36m<button\u001b[39m\n  \u001b[33mclass\u001b[39m=\u001b[32m\"w-8 h-8 flex items-center justify-center rounded-lg text-sm font-medium transition-all bg-emerald-600 text-white shadow-md shadow-emerald-200\"\u001b[39m\n\u001b[36m>\u001b[39m\n  \u001b[0m1\u001b[0m\n\u001b[36m</button>\u001b[39m\n\n(If this is intentional, then use the `*AllBy*` variant of the query (like `queryAllByText`, `getAllByText`, or `findAllByText`)).\n\nIgnored nodes: comments, script, style\n\u001b[36m<body>\u001b[39m\n  \u001b[36m<div>\u001b[39m\n    \u001b[36m<div\u001b[39m\n      \u001b[33mclass\u001b[39m=\u001b[32m\"flex items-center justify-between mt-6 bg-white p-4 rounded-xl shadow-sm border border-gray-100\"\u001b[39m\n    \u001b[36m>\u001b[39m\n      \u001b[36m<p\u001b[39m\n        \u001b[33mclass\u001b[39m=\u001b[32m\"text-sm text-gray-500 hidden sm:block\"\u001b[39m\n      \u001b[36m>\u001b[39m\n        \u001b[0mPágina \u001b[0m\n        \u001b[36m<span\u001b[39m\n          \u001b[33mclass\u001b[39m=\u001b[32m\"font-bold text-gray-900\"\u001b[39m\n        \u001b[36m>\u001b[39m\n          \u001b[0m1\u001b[0m\n        \u001b[36m</span>\u001b[39m\n        \u001b[0m de \u001b[0m\n        \u001b[36m<span\u001b[39m\n          \u001b[33mclass\u001b[39m=\u001b[32m\"font-bold text-gray-900\"\u001b[39m\n        \u001b[36m>\u001b[39m\n          \u001b[0m4\u001b[0m\n        \u001b[36m</span>\u001b[39m\n      \u001b[36m</p>\u001b[39m\n      \u001b[36m<div\u001b[39m\n        \u001b[33mclass\u001b[39m=\u001b[32m\"flex items-center gap-1 mx-auto sm:mx-0\"\u001b[39m\n      \u001b[36m>\u001b[39m\n        \u001b[36m<button\u001b[39m\n          \u001b[33maria-label\u001b[39m=\u001b[32m\"Anterior\"\u001b[39m\n          \u001b[33mclass\u001b[39m=\u001b[32m\"p-2 text-gray-500 hover:text-emerald-600 hover:bg-emerald-50 rounded-lg disabled:opacity-30 disabled:hover:bg-transparent transition-all\"\u001b[39m\n          \u001b[33mdisabled\u001b[39m=\u001b[32m\"\"\u001b[39m\n        \u001b[36m>\u001b[39m\n          \u001b[36m<svg\u001b[39m\n            \u001b[33maria-hidden\u001b[39m=\u001b[32m\"true\"\u001b[39m\n            \u001b[33mclass\u001b[39m=\u001b[32m\"lucide lucide-chevron-left w-5 h-5\"\u001b[39m\n            \u001b[33mfill\u001b[39m=\u001b[32m\"none\"\u001b[39m\n            \u001b[33mheight\u001b[39m=\u001b[32m\"24\"\u001b[39m\n            \u001b[33mstroke\u001b[39m=\u001b[32m\"currentColor\"\u001b[39m\n            \u001b[33mstroke-linecap\u001b[39m=\u001b[32m\"round\"\u001b[39m\n            \u001b[33mstroke-linejoin\u001b[39m=\u001b[32m\"round\"\u001b[39m\n            \u001b[33mstroke-width\u001b[39m=\u001b[32m\"2\"\u001b[39m\n            \u001b[33mviewBox\u001b[39m=\u001b[32m\"0 0 24 24\"\u001b[39m\n            \u001b[33mwidth\u001b[39m=\u001b[32m\"24\"\u001b[39m\n            \u001b[33mxmlns\u001b[39m=\u001b[32m\"http://www.w3.org/2000/svg\"\u001b[39m\n          \u001b[36m>\u001b[39m\n            \u001b[36m<path\u001b[39m\n              \u001b[33md\u001b[39m=\u001b[32m\"m15 18-6-6 6-6\"\u001b[39m\n            \u001b[36m/>\u001b[39m\n          \u001b[36m</svg>\u001b[39m\n        \u001b[36m</button>\u001b[39m\n        \u001b[36m<div\u001b[39m\n          \u001b[33mclass\u001b[39m=\u001b[32m\"flex items-center gap-1\"\u001b[39m\n        \u001b[36m>\u001b[39m\n          \u001b[36m<button\u001b[39m\n            \u001b[33mclass\u001b[39m=\u001b[32m\"w-8 h-8 flex items-center justify-center rounded-lg text-sm font-medium transition-all bg-emerald-600 text-white shadow-md shadow-emerald-200\"\u001b[39m\n          \u001b[36m>\u001b[39m\n            \u001b[0m1\u001b[0m\n          \u001b[36m</button>\u001b[39m\n          \u001b[36m<button\u001b[39m\n            \u001b[33mclass\u001b[39m=\u001b[32m\"w-8 h-8 flex items-center justify-center rounded-lg text-sm font-medium transition-all text-gray-600 hover:bg-gray-100\"\u001b[39m\n          \u001b[36m>\u001b[39m\n            \u001b[0m2\u001b[0m\n          \u001b[36m</button>\u001b[39m\n          \u001b[36m<button\u001b[39m\n            \u001b[33mclass\u001b[39m=\u001b[32m\"w-8 h-8 flex items-center justify-center rounded-lg text-sm font-medium transition-all text-gray-600 hover:bg-gray-100\"\u001b[39m\n          \u001b[36m>\u001b[39m\n            \u001b[0m3\u001b[0m\n          \u001b[36m</button>\u001b[39m\n          \u001b[36m<button\u001b[39m\n            \u001b[33mclass\u001b[39m=\u001b[32m\"w-8 h-8 flex items-center justify-center rounded-lg text-sm font-medium transition-all text-gray-600 hover:bg-gray-100\"\u001b[39m\n          \u001b[36m>\u001b[39m\n            \u001b[0m4\u001b[0m\n          \u001b[36m</button>\u001b[39m\n        \u001b[36m</div>\u001b[39m\n        \u001b[36m<button\u001b[39m\n          \u001b[33maria-label\u001b[39m=\u001b[32m\"Próxima\"\u001b[39m\n          \u001b[33mclass\u001b[39m=\u001b[32m\"p-2 text-gray-500 hover:text-emerald-600 hover:bg-emerald-50 rounded-lg disabled:opacity-30 disabled:hover:bg-transparent transition-all\"\u001b[39m\n        \u001b[36m>\u001b[39m\n          \u001b[36m<svg\u001b[39m\n            \u001b[33maria-hidden\u001b[39m=\u001b[32m\"true\"\u001b[39m\n            \u001b[33mclass\u001b[39m=\u001b[32m\"lucide lucide-chevron-right w-5 h-5\"\u001b[39m\n            \u001b[33mfill\u001b[39m=\u001b[32m\"none\"\u001b[39m\n            \u001b[33mheight\u001b[39m=\u001b[32m\"24\"\u001b[39m\n            \u001b[33mstroke\u001b[39m=\u001b[32m\"currentColor\"\u001b[39m\n            \u001b[33mstroke-linecap\u001b[39m=\u001b[32m\"round\"\u001b[39m\n            \u001b[33mstroke-linejoin\u001b[39m=\u001b[32m\"round\"\u001b[39m\n            \u001b[33mstroke-width\u001b[39m=\u001b[32m\"2\"\u001b[39m\n            \u001b[33mviewBox\u001b[39m=\u001b[32m\"0 0 24 24\"\u001b[39m\n            \u001b[33mwidth\u001b[39m=\u001b[32m\"24\"\u001b[39m\n            \u001b[33mxmlns\u001b[39m=\u001b[32m\"http://www.w3.org/2000/svg\"\u001b[39m\n          \u001b[36m>\u001b[39m\n            \u001b[36m<path\u001b[39m\n              \u001b[33md\u001b[39m=\u001b[32m\"m9 18 6-6-6-6\"\u001b[39m\n            \u001b[36m/>\u001b[39m\n          \u001b[36m</svg>\u001b[39m\n        \u001b[36m</button>\u001b[39m\n      \u001b[36m</div>\u001b[39m\n    \u001b[36m</div>\u001b[39m\n  \u001b[36m</div>\u001b[39m\n\u001b[36m</body>\u001b[39m\n    at Object.getElementError (E:\\Projetos\\treeinspector-tree\\web\\node_modules\\@testing-library\\dom\\dist\\config.js:37:19)\n    at getElementError (E:\\Projetos\\treeinspector-tree\\web\\node_modules\\@testing-library\\dom\\dist\\query-helpers.js:20:35)\n    at getMultipleElementsFoundError (E:\\Projetos\\treeinspector-tree\\web\\node_modules\\@testing-library\\dom\\dist\\query-helpers.js:23:10)\n    at E:\\Projetos\\treeinspector-tree\\web\\node_modules\\@testing-library\\dom\\dist\\query-helpers.js:55:13\n    at E:\\Projetos\\treeinspector-tree\\web\\node_modules\\@testing-library\\dom\\dist\\query-helpers.js:95:19\n    at Object.<anonymous> (E:\\Projetos\\treeinspector-tree\\web\\__tests__\\components\\Pagination.test.tsx:27:27)\n    at Promise.finally.completed (E:\\Projetos\\treeinspector-tree\\web\\node_modules\\jest-circus\\build\\jestAdapterInit.js:1557:28)\n    at new Promise (<anonymous>)\n    at callAsyncCircusFn (E:\\Projetos\\treeinspector-tree\\web\\node_modules\\jest-circus\\build\\jestAdapterInit.js:1497:10)\n    at _callCircusTest (E:\\Projetos\\treeinspector-tree\\web\\node_modules\\jest-circus\\build\\jestAdapterInit.js:1007:40)\n    at _runTest (E:\\Projetos\\treeinspector-tree\\web\\node_modules\\jest-circus\\build\\jestAdapterInit.js:947:3)\n    at E:\\Projetos\\treeinspector-tree\\web\\node_modules\\jest-circus\\build\\jestAdapterInit.js:849:7\n    at _runTestsForDescribeBlock (E:\\Projetos\\treeinspector-tree\\web\\node_modules\\jest-circus\\build\\jestAdapterInit.js:862:11)\n    at _runTestsForDescribeBlock (E:\\Projetos\\treeinspector-tree\\web\\node_modules\\jest-circus\\build\\jestAdapterInit.js:857:11)\n    at run (E:\\Projetos\\treeinspector-tree\\web\\node_modules\\jest-circus\\build\\jestAdapterInit.js:761:3)\n    at runAndTransformResultsToJestFormat (E:\\Projetos\\treeinspector-tree\\web\\node_modules\\jest-circus\\build\\jestAdapterInit.js:1918:21)\n    at jestAdapter (E:\\Projetos\\treeinspector-tree\\web\\node_modules\\jest-circus\\build\\runner.js:101:19)\n    at runTestInternal (E:\\Projetos\\treeinspector-tree\\web\\node_modules\\jest-runner\\build\\index.js:275:16)\n    at runTest (E:\\Projetos\\treeinspector-tree\\web\\node_modules\\jest-runner\\build\\index.js:343:7)"],"fullName":"Pagination Component renders all page numbers when totalPages <= 5","invocations":1,"location":null,"numPassingAsserts":0,"retryReasons":[],"startAt":1771934864722,"status":"failed","title":"renders all page numbers when totalPages <= 5"},{"ancestorTitles":["Pagination Component"],"duration":7,"failing":false,"failureDetails":[{"name":"TestingLibraryElementError"}],"failureMessages":["TestingLibraryElementError: Found multiple elements with the text: 1\n\nHere are the matching elements:\n\nIgnored nodes: comments, script, style\n\u001b[36m<span\u001b[39m\n  \u001b[33mclass\u001b[39m=\u001b[32m\"font-bold text-gray-900\"\u001b[39m\n\u001b[36m>\u001b[39m\n  \u001b[0m1\u001b[0m\n\u001b[36m</span>\u001b[39m\n\nIgnored nodes: comments, script, style\n\u001b[36m<button\u001b[39m\n  \u001b[33mclass\u001b[39m=\u001b[32m\"w-8 h-8 flex items-center justify-center rounded-lg text-sm font-medium transition-all bg-emerald-600 text-white shadow-md shadow-emerald-200\"\u001b[39m\n\u001b[36m>\u001b[39m\n  \u001b[0m1\u001b[0m\n\u001b[36m</button>\u001b[39m\n\n(If this is intentional, then use the `*AllBy*` variant of the query (like `queryAllByText`, `getAllByText`, or `findAllByText`)).\n\nIgnored nodes: comments, script, style\n\u001b[36m<body>\u001b[39m\n  \u001b[36m<div>\u001b[39m\n    \u001b[36m<div\u001b[39m\n      \u001b[33mclass\u001b[39m=\u001b[32m\"flex items-center justify-between mt-6 bg-white p-4 rounded-xl shadow-sm border border-gray-100\"\u001b[39m\n    \u001b[36m>\u001b[39m\n      \u001b[36m<p\u001b[39m\n        \u001b[33mclass\u001b[39m=\u001b[32m\"text-sm text-gray-500 hidden sm:block\"\u001b[39m\n      \u001b[36m>\u001b[39m\n        \u001b[0mPágina \u001b[0m\n        \u001b[36m<span\u001b[39m\n          \u001b[33mclass\u001b[39m=\u001b[32m\"font-bold text-gray-900\"\u001b[39m\n        \u001b[36m>\u001b[39m\n          \u001b[0m1\u001b[0m\n        \u001b[36m</span>\u001b[39m\n        \u001b[0m de \u001b[0m\n        \u001b[36m<span\u001b[39m\n          \u001b[33mclass\u001b[39m=\u001b[32m\"font-bold text-gray-900\"\u001b[39m\n        \u001b[36m>\u001b[39m\n          \u001b[0m10\u001b[0m\n        \u001b[36m</span>\u001b[39m\n      \u001b[36m</p>\u001b[39m\n      \u001b[36m<div\u001b[39m\n        \u001b[33mclass\u001b[39m=\u001b[32m\"flex items-center gap-1 mx-auto sm:mx-0\"\u001b[39m\n      \u001b[36m>\u001b[39m\n        \u001b[36m<button\u001b[39m\n          \u001b[33maria-label\u001b[39m=\u001b[32m\"Anterior\"\u001b[39m\n          \u001b[33mclass\u001b[39m=\u001b[32m\"p-2 text-gray-500 hover:text-emerald-600 hover:bg-emerald-50 rounded-lg disabled:opacity-30 disabled:hover:bg-transparent transition-all\"\u001b[39m\n          \u001b[33mdisabled\u001b[39m=\u001b[32m\"\"\u001b[39m\n        \u001b[36m>\u001b[39m\n          \u001b[36m<svg\u001b[39m\n            \u001b[33maria-hidden\u001b[39m=\u001b[32m\"true\"\u001b[39m\n            \u001b[33mclass\u001b[39m=\u001b[32m\"lucide lucide-chevron-left w-5 h-5\"\u001b[39m\n            \u001b[33mfill\u001b[39m=\u001b[32m\"none\"\u001b[39m\n            \u001b[33mheight\u001b[39m=\u001b[32m\"24\"\u001b[39m\n            \u001b[33mstroke\u001b[39m=\u001b[32m\"currentColor\"\u001b[39m\n            \u001b[33mstroke-linecap\u001b[39m=\u001b[32m\"round\"\u001b[39m\n            \u001b[33mstroke-linejoin\u001b[39m=\u001b[32m\"round\"\u001b[39m\n            \u001b[33mstroke-width\u001b[39m=\u001b[32m\"2\"\u001b[39m\n            \u001b[33mviewBox\u001b[39m=\u001b[32m\"0 0 24 24\"\u001b[39m\n            \u001b[33mwidth\u001b[39m=\u001b[32m\"24\"\u001b[39m\n            \u001b[33mxmlns\u001b[39m=\u001b[32m\"http://www.w3.org/2000/svg\"\u001b[39m\n          \u001b[36m>\u001b[39m\n            \u001b[36m<path\u001b[39m\n              \u001b[33md\u001b[39m=\u001b[32m\"m15 18-6-6 6-6\"\u001b[39m\n            \u001b[36m/>\u001b[39m\n          \u001b[36m</svg>\u001b[39m\n        \u001b[36m</button>\u001b[39m\n        \u001b[36m<div\u001b[39m\n          \u001b[33mclass\u001b[39m=\u001b[32m\"flex items-center gap-1\"\u001b[39m\n        \u001b[36m>\u001b[39m\n          \u001b[36m<button\u001b[39m\n            \u001b[33mclass\u001b[39m=\u001b[32m\"w-8 h-8 flex items-center justify-center rounded-lg text-sm font-medium transition-all bg-emerald-600 text-white shadow-md shadow-emerald-200\"\u001b[39m\n          \u001b[36m>\u001b[39m\n            \u001b[0m1\u001b[0m\n          \u001b[36m</button>\u001b[39m\n          \u001b[36m<button\u001b[39m\n            \u001b[33mclass\u001b[39m=\u001b[32m\"w-8 h-8 flex items-center justify-center rounded-lg text-sm font-medium transition-all text-gray-600 hover:bg-gray-100\"\u001b[39m\n          \u001b[36m>\u001b[39m\n            \u001b[0m2\u001b[0m\n          \u001b[36m</button>\u001b[39m\n          \u001b[36m<button\u001b[39m\n            \u001b[33mclass\u001b[39m=\u001b[32m\"w-8 h-8 flex items-center justify-center rounded-lg text-sm font-medium transition-all text-gray-600 hover:bg-gray-100\"\u001b[39m\n          \u001b[36m>\u001b[39m\n            \u001b[0m3\u001b[0m\n          \u001b[36m</button>\u001b[39m\n          \u001b[36m<span\u001b[39m\n            \u001b[33mclass\u001b[39m=\u001b[32m\"w-8 h-8 flex items-center justify-center text-gray-400\"\u001b[39m\n          \u001b[36m>\u001b[39m\n            \u001b[0m...\u001b[0m\n          \u001b[36m</span>\u001b[39m\n          \u001b[36m<button\u001b[39m\n            \u001b[33mclass\u001b[39m=\u001b[32m\"w-8 h-8 flex items-center justify-center rounded-lg text-sm font-medium transition-all text-gray-600 hover:bg-gray-100\"\u001b[39m\n          \u001b[36m>\u001b[39m\n            \u001b[0m10\u001b[0m\n          \u001b[36m</button>\u001b[39m\n        \u001b[36m</div>\u001b[39m\n        \u001b[36m<button\u001b[39m\n          \u001b[33maria-label\u001b[39m=\u001b[32m\"Próxima\"\u001b[39m\n          \u001b[33mclass\u001b[39m=\u001b[32m\"p-2 text-gray-500 hover:text-emerald-600 hover:bg-emerald-50 rounded-lg disabled:opacity-30 disabled:hover:bg-transparent transition-all\"\u001b[39m\n        \u001b[36m>\u001b[39m\n          \u001b[36m<svg\u001b[39m\n            \u001b[33maria-hidden\u001b[39m=\u001b[32m\"true\"\u001b[39m\n            \u001b[33mclass\u001b[39m=\u001b[32m\"lucide lucide-chevron-right w-5 h-5\"\u001b[39m\n            \u001b[33mfill\u001b[39m=\u001b[32m\"none\"\u001b[39m\n            \u001b[33mheight\u001b[39m=\u001b[32m\"24\"\u001b[39m\n            \u001b[33mstroke\u001b[39m=\u001b[32m\"currentColor\"\u001b[39m\n            \u001b[33mstroke-linecap\u001b[39m=\u001b[32m\"round\"\u001b[39m\n            \u001b[33mstroke-linejoin\u001b[39m=\u001b[32m\"round\"\u001b[39m\n            \u001b[33mstroke-width\u001b[39m=\u001b[32m\"2\"\u001b[39m\n            \u001b[33mviewBox\u001b[39m=\u001b[32m\"0 0 24 24\"\u001b[39m\n            \u001b[33mwidth\u001b[39m=\u001b[32m\"24\"\u001b[39m\n            \u001b[33mxmlns\u001b[39m=\u001b[32m\"http://www.w3.org/2000/svg\"\u001b[39m\n          \u001b[36m>\u001b[39m\n            \u001b[36m<path\u001b[39m\n              \u001b[33md\u001b[39m=\u001b[32m\"m9 18 6-6-6-6\"\u001b[39m\n            \u001b[36m/>\u001b[39m\n          \u001b[36m</svg>\u001b[39m\n        \u001b[36m</button>\u001b[39m\n      \u001b[36m</div>\u001b[39m\n    \u001b[36m</div>\u001b[39m\n  \u001b[36m</div>\u001b[39m\n\u001b[36m</body>\u001b[39m\n    at Object.getElementError (E:\\Projetos\\treeinspector-tree\\web\\node_modules\\@testing-library\\dom\\dist\\config.js:37:19)\n    at getElementError (E:\\Projetos\\treeinspector-tree\\web\\node_modules\\@testing-library\\dom\\dist\\query-helpers.js:20:35)\n    at getMultipleElementsFoundError (E:\\Projetos\\treeinspector-tree\\web\\node_modules\\@testing-library\\dom\\dist\\query-helpers.js:23:10)\n    at E:\\Projetos\\treeinspector-tree\\web\\node_modules\\@testing-library\\dom\\dist\\query-helpers.js:55:13\n    at E:\\Projetos\\treeinspector-tree\\web\\node_modules\\@testing-library\\dom\\dist\\query-helpers.js:95:19\n    at Object.<anonymous> (E:\\Projetos\\treeinspector-tree\\web\\__tests__\\components\\Pagination.test.tsx:35:23)\n    at Promise.finally.completed (E:\\Projetos\\treeinspector-tree\\web\\node_modules\\jest-circus\\build\\jestAdapterInit.js:1557:28)\n    at new Promise (<anonymous>)\n    at callAsyncCircusFn (E:\\Projetos\\treeinspector-tree\\web\\node_modules\\jest-circus\\build\\jestAdapterInit.js:1497:10)\n    at _callCircusTest (E:\\Projetos\\treeinspector-tree\\web\\node_modules\\jest-circus\\build\\jestAdapterInit.js:1007:40)\n    at _runTest (E:\\Projetos\\treeinspector-tree\\web\\node_modules\\jest-circus\\build\\jestAdapterInit.js:947:3)\n    at E:\\Projetos\\treeinspector-tree\\web\\node_modules\\jest-circus\\build\\jestAdapterInit.js:849:7\n    at _runTestsForDescribeBlock (E:\\Projetos\\treeinspector-tree\\web\\node_modules\\jest-circus\\build\\jestAdapterInit.js:862:11)\n    at _runTestsForDescribeBlock (E:\\Projetos\\treeinspector-tree\\web\\node_modules\\jest-circus\\build\\jestAdapterInit.js:857:11)\n    at run (E:\\Projetos\\treeinspector-tree\\web\\node_modules\\jest-circus\\build\\jestAdapterInit.js:761:3)\n    at runAndTransformResultsToJestFormat (E:\\Projetos\\treeinspector-tree\\web\\node_modules\\jest-circus\\build\\jestAdapterInit.js:1918:21)\n    at jestAdapter (E:\\Projetos\\treeinspector-tree\\web\\node_modules\\jest-circus\\build\\runner.js:101:19)\n    at runTestInternal (E:\\Projetos\\treeinspector-tree\\web\\node_modules\\jest-runner\\build\\index.js:275:16)\n    at runTest (E:\\Projetos\\treeinspector-tree\\web\\node_modules\\jest-runner\\build\\index.js:343:7)"],"fullName":"Pagination Component renders ellipses when totalPages > 5","invocations":1,"location":null,"numPassingAsserts":0,"retryReasons":[],"startAt":1771934864734,"status":"failed","title":"renders ellipses when totalPages > 5"},{"ancestorTitles":["Pagination Component"],"duration":7,"failing":false,"failureDetails":[{"name":"TestingLibraryElementError"}],"failureMessages":["TestingLibraryElementError: Found multiple elements with the text: 3\n\nHere are the matching elements:\n\nIgnored nodes: comments, script, style\n\u001b[36m<span\u001b[39m\n  \u001b[33mclass\u001b[39m=\u001b[32m\"font-bold text-gray-900\"\u001b[39m\n\u001b[36m>\u001b[39m\n  \u001b[0m3\u001b[0m\n\u001b[36m</span>\u001b[39m\n\nIgnored nodes: comments, script, style\n\u001b[36m<button\u001b[39m\n  \u001b[33mclass\u001b[39m=\u001b[32m\"w-8 h-8 flex items-center justify-center rounded-lg text-sm font-medium transition-all bg-emerald-600 text-white shadow-md shadow-emerald-200\"\u001b[39m\n\u001b[36m>\u001b[39m\n  \u001b[0m3\u001b[0m\n\u001b[36m</button>\u001b[39m\n\n(If this is intentional, then use the `*AllBy*` variant of the query (like `queryAllByText`, `getAllByText`, or `findAllByText`)).\n\nIgnored nodes: comments, script, style\n\u001b[36m<body>\u001b[39m\n  \u001b[36m<div>\u001b[39m\n    \u001b[36m<div\u001b[39m\n      \u001b[33mclass\u001b[39m=\u001b[32m\"flex items-center justify-between mt-6 bg-white p-4 rounded-xl shadow-sm border border-gray-100\"\u001b[39m\n    \u001b[36m>\u001b[39m\n      \u001b[36m<p\u001b[39m\n        \u001b[33mclass\u001b[39m=\u001b[32m\"text-sm text-gray-500 hidden sm:block\"\u001b[39m\n      \u001b[36m>\u001b[39m\n        \u001b[0mPágina \u001b[0m\n        \u001b[36m<span\u001b[39m\n          \u001b[33mclass\u001b[39m=\u001b[32m\"font-bold text-gray-900\"\u001b[39m\n        \u001b[36m>\u001b[39m\n          \u001b[0m3\u001b[0m\n        \u001b[36m</span>\u001b[39m\n        \u001b[0m de \u001b[0m\n        \u001b[36m<span\u001b[39m\n          \u001b[33mclass\u001b[39m=\u001b[32m\"font-bold text-gray-900\"\u001b[39m\n        \u001b[36m>\u001b[39m\n          \u001b[0m5\u001b[0m\n        \u001b[36m</span>\u001b[39m\n      \u001b[36m</p>\u001b[39m\n      \u001b[36m<div\u001b[39m\n        \u001b[33mclass\u001b[39m=\u001b[32m\"flex items-center gap-1 mx-auto sm:mx-0\"\u001b[39m\n      \u001b[36m>\u001b[39m\n        \u001b[36m<button\u001b[39m\n          \u001b[33maria-label\u001b[39m=\u001b[32m\"Anterior\"\u001b[39m\n          \u001b[33mclass\u001b[39m=\u001b[32m\"p-2 text-gray-500 hover:text-emerald-600 hover:bg-emerald-50 rounded-lg disabled:opacity-30 disabled:hover:bg-transparent transition-all\"\u001b[39m\n        \u001b[36m>\u001b[39m\n          \u001b[36m<svg\u001b[39m\n            \u001b[33maria-hidden\u001b[39m=\u001b[32m\"true\"\u001b[39m\n            \u001b[33mclass\u001b[39m=\u001b[32m\"lucide lucide-chevron-left w-5 h-5\"\u001b[39m\n            \u001b[33mfill\u001b[39m=\u001b[32m\"none\"\u001b[39m\n            \u001b[33mheight\u001b[39m=\u001b[32m\"24\"\u001b[39m\n            \u001b[33mstroke\u001b[39m=\u001b[32m\"currentColor\"\u001b[39m\n            \u001b[33mstroke-linecap\u001b[39m=\u001b[32m\"round\"\u001b[39m\n            \u001b[33mstroke-linejoin\u001b[39m=\u001b[32m\"round\"\u001b[39m\n            \u001b[33mstroke-width\u001b[39m=\u001b[32m\"2\"\u001b[39m\n            \u001b[33mviewBox\u001b[39m=\u001b[32m\"0 0 24 24\"\u001b[39m\n            \u001b[33mwidth\u001b[39m=\u001b[32m\"24\"\u001b[39m\n            \u001b[33mxmlns\u001b[39m=\u001b[32m\"http://www.w3.org/2000/svg\"\u001b[39m\n          \u001b[36m>\u001b[39m\n            \u001b[36m<path\u001b[39m\n              \u001b[33md\u001b[39m=\u001b[32m\"m15 18-6-6 6-6\"\u001b[39m\n            \u001b[36m/>\u001b[39m\n          \u001b[36m</svg>\u001b[39m\n        \u001b[36m</button>\u001b[39m\n        \u001b[36m<div\u001b[39m\n          \u001b[33mclass\u001b[39m=\u001b[32m\"flex items-center gap-1\"\u001b[39m\n        \u001b[36m>\u001b[39m\n          \u001b[36m<button\u001b[39m\n            \u001b[33mclass\u001b[39m=\u001b[32m\"w-8 h-8 flex items-center justify-center rounded-lg text-sm font-medium transition-all text-gray-600 hover:bg-gray-100\"\u001b[39m\n          \u001b[36m>\u001b[39m\n            \u001b[0m1\u001b[0m\n          \u001b[36m</button>\u001b[39m\n          \u001b[36m<button\u001b[39m\n            \u001b[33mclass\u001b[39m=\u001b[32m\"w-8 h-8 flex items-center justify-center rounded-lg text-sm font-medium transition-all text-gray-600 hover:bg-gray-100\"\u001b[39m\n          \u001b[36m>\u001b[39m\n            \u001b[0m2\u001b[0m\n          \u001b[36m</button>\u001b[39m\n          \u001b[36m<button\u001b[39m\n            \u001b[33mclass\u001b[39m=\u001b[32m\"w-8 h-8 flex items-center justify-center rounded-lg text-sm font-medium transition-all bg-emerald-600 text-white shadow-md shadow-emerald-200\"\u001b[39m\n          \u001b[36m>\u001b[39m\n            \u001b[0m3\u001b[0m\n          \u001b[36m</button>\u001b[39m\n          \u001b[36m<button\u001b[39m\n            \u001b[33mclass\u001b[39m=\u001b[32m\"w-8 h-8 flex items-center justify-center rounded-lg text-sm font-medium transition-all text-gray-600 hover:bg-gray-100\"\u001b[39m\n          \u001b[36m>\u001b[39m\n            \u001b[0m4\u001b[0m\n          \u001b[36m</button>\u001b[39m\n          \u001b[36m<button\u001b[39m\n            \u001b[33mclass\u001b[39m=\u001b[32m\"w-8 h-8 flex items-center justify-center rounded-lg text-sm font-medium transition-all text-gray-600 hover:bg-gray-100\"\u001b[39m\n          \u001b[36m>\u001b[39m\n            \u001b[0m5\u001b[0m\n          \u001b[36m</button>\u001b[39m\n        \u001b[36m</div>\u001b[39m\n        \u001b[36m<button\u001b[39m\n          \u001b[33maria-label\u001b[39m=\u001b[32m\"Próxima\"\u001b[39m\n          \u001b[33mclass\u001b[39m=\u001b[32m\"p-2 text-gray-500 hover:text-emerald-600 hover:bg-emerald-50 rounded-lg disabled:opacity-30 disabled:hover:bg-transparent transition-all\"\u001b[39m\n        \u001b[36m>\u001b[39m\n          \u001b[36m<svg\u001b[39m\n            \u001b[33maria-hidden\u001b[39m=\u001b[32m\"true\"\u001b[39m\n            \u001b[33mclass\u001b[39m=\u001b[32m\"lucide lucide-chevron-right w-5 h-5\"\u001b[39m\n            \u001b[33mfill\u001b[39m=\u001b[32m\"none\"\u001b[39m\n            \u001b[33mheight\u001b[39m=\u001b[32m\"24\"\u001b[39m\n            \u001b[33mstroke\u001b[39m=\u001b[32m\"currentColor\"\u001b[39m\n            \u001b[33mstroke-linecap\u001b[39m=\u001b[32m\"round\"\u001b[39m\n            \u001b[33mstroke-linejoin\u001b[39m=\u001b[32m\"round\"\u001b[39m\n            \u001b[33mstroke-width\u001b[39m=\u001b[32m\"2\"\u001b[39m\n            \u001b[33mviewBox\u001b[39m=\u001b[32m\"0 0 24 24\"\u001b[39m\n            \u001b[33mwidth\u001b[39m=\u001b[32m\"24\"\u001b[39m\n            \u001b[33mxmlns\u001b[39m=\u001b[32m\"http://www.w3.org/2000/svg\"\u001b[39m\n          \u001b[36m>\u001b[39m\n            \u001b[36m<path\u001b[39m\n              \u001b[33md\u001b[39m=\u001b[32m\"m9 18 6-6-6-6\"\u001b[39m\n            \u001b[36m/>\u001b[39m\n          \u001b[36m</svg>\u001b[39m\n        \u001b[36m</button>\u001b[39m\n      \u001b[36m</div>\u001b[39m\n    \u001b[36m</div>\u001b[39m\n  \u001b[36m</div>\u001b[39m\n\u001b[36m</body>\u001b[39m\n    at Object.getElementError (E:\\Projetos\\treeinspector-tree\\web\\node_modules\\@testing-library\\dom\\dist\\config.js:37:19)\n    at getElementError (E:\\Projetos\\treeinspector-tree\\web\\node_modules\\@testing-library\\dom\\dist\\query-helpers.js:20:35)\n    at getMultipleElementsFoundError (E:\\Projetos\\treeinspector-tree\\web\\node_modules\\@testing-library\\dom\\dist\\query-helpers.js:23:10)\n    at E:\\Projetos\\treeinspector-tree\\web\\node_modules\\@testing-library\\dom\\dist\\query-helpers.js:55:13\n    at E:\\Projetos\\treeinspector-tree\\web\\node_modules\\@testing-library\\dom\\dist\\query-helpers.js:95:19\n    at Object.<anonymous> (E:\\Projetos\\treeinspector-tree\\web\\__tests__\\components\\Pagination.test.tsx:45:35)\n    at Promise.finally.completed (E:\\Projetos\\treeinspector-tree\\web\\node_modules\\jest-circus\\build\\jestAdapterInit.js:1557:28)\n    at new Promise (<anonymous>)\n    at callAsyncCircusFn (E:\\Projetos\\treeinspector-tree\\web\\node_modules\\jest-circus\\build\\jestAdapterInit.js:1497:10)\n    at _callCircusTest (E:\\Projetos\\treeinspector-tree\\web\\node_modules\\jest-circus\\build\\jestAdapterInit.js:1007:40)\n    at _runTest (E:\\Projetos\\treeinspector-tree\\web\\node_modules\\jest-circus\\build\\jestAdapterInit.js:947:3)\n    at E:\\Projetos\\treeinspector-tree\\web\\node_modules\\jest-circus\\build\\jestAdapterInit.js:849:7\n    at _runTestsForDescribeBlock (E:\\Projetos\\treeinspector-tree\\web\\node_modules\\jest-circus\\build\\jestAdapterInit.js:862:11)\n    at _runTestsForDescribeBlock (E:\\Projetos\\treeinspector-tree\\web\\node_modules\\jest-circus\\build\\jestAdapterInit.js:857:11)\n    at run (E:\\Projetos\\treeinspector-tree\\web\\node_modules\\jest-circus\\build\\jestAdapterInit.js:761:3)\n    at runAndTransformResultsToJestFormat (E:\\Projetos\\treeinspector-tree\\web\\node_modules\\jest-circus\\build\\jestAdapterInit.js:1918:21)\n    at jestAdapter (E:\\Projetos\\treeinspector-tree\\web\\node_modules\\jest-circus\\build\\runner.js:101:19)\n    at runTestInternal (E:\\Projetos\\treeinspector-tree\\web\\node_modules\\jest-runner\\build\\index.js:275:16)\n    at runTest (E:\\Projetos\\treeinspector-tree\\web\\node_modules\\jest-runner\\build\\index.js:343:7)"],"fullName":"Pagination Component highlights the current page","invocations":1,"location":null,"numPassingAsserts":0,"retryReasons":[],"startAt":1771934864741,"status":"failed","title":"highlights the current page"},{"ancestorTitles":["Pagination Component"],"duration":56,"failing":false,"failureDetails":[],"failureMessages":[],"fullName":"Pagination Component disables previous button on first page","invocations":1,"location":null,"numPassingAsserts":1,"retryReasons":[],"startAt":1771934864749,"status":"passed","title":"disables previous button on first page"},{"ancestorTitles":["Pagination Component"],"duration":16,"failing":false,"failureDetails":[],"failureMessages":[],"fullName":"Pagination Component disables next button on last page","invocations":1,"location":null,"numPassingAsserts":1,"retryReasons":[],"startAt":1771934864805,"status":"passed","title":"disables next button on last page"},{"ancestorTitles":["Pagination Component"],"duration":85,"failing":false,"failureDetails":[],"failureMessages":[],"fullName":"Pagination Component calls onPageChange with expected values when clicking next/prev","invocations":1,"location":null,"numPassingAsserts":2,"retryReasons":[],"startAt":1771934864821,"status":"passed","title":"calls onPageChange with expected values when clicking next/prev"},{"ancestorTitles":["Pagination Component"],"duration":62,"failing":false,"failureDetails":[],"failureMessages":[],"fullName":"Pagination Component calls onPageChange when a specific page number is clicked","invocations":1,"location":null,"numPassingAsserts":1,"retryReasons":[],"startAt":1771934864907,"status":"passed","title":"calls onPageChange when a specific page number is clicked"}],"endTime":1771934864996,"message":"\u001b[1m\u001b[31m  \u001b[1m● \u001b[22m\u001b[1mPagination Component › renders correct page information\u001b[39m\u001b[22m\n\n    TestingLibraryElementError: Found multiple elements with the text: 2\n\n    Here are the matching elements:\n\n    Ignored nodes: comments, script, style\n    \u001b[36m<span\u001b[39m\n      \u001b[33mclass\u001b[39m=\u001b[32m\"font-bold text-gray-900\"\u001b[39m\n    \u001b[36m>\u001b[39m\n      \u001b[0m2\u001b[0m\n    \u001b[36m</span>\u001b[39m\n\n    Ignored nodes: comments, script, style\n    \u001b[36m<button\u001b[39m\n      \u001b[33mclass\u001b[39m=\u001b[32m\"w-8 h-8 flex items-center justify-center rounded-lg text-sm font-medium transition-all bg-emerald-600 text-white shadow-md shadow-emerald-200\"\u001b[39m\n    \u001b[36m>\u001b[39m\n      \u001b[0m2\u001b[0m\n    \u001b[36m</button>\u001b[39m\n\n    (If this is intentional, then use the `*AllBy*` variant of the query (like `queryAllByText`, `getAllByText`, or `findAllByText`)).\n\n    Ignored nodes: comments, script, style\n    \u001b[36m<body>\u001b[39m\n      \u001b[36m<div>\u001b[39m\n        \u001b[36m<div\u001b[39m\n          \u001b[33mclass\u001b[39m=\u001b[32m\"flex items-center justify-between mt-6 bg-white p-4 rounded-xl shadow-sm border border-gray-100\"\u001b[39m\n        \u001b[36m>\u001b[39m\n          \u001b[36m<p\u001b[39m\n            \u001b[33mclass\u001b[39m=\u001b[32m\"text-sm text-gray-500 hidden sm:block\"\u001b[39m\n          \u001b[36m>\u001b[39m\n            \u001b[0mPágina \u001b[0m\n            \u001b[36m<span\u001b[39m\n              \u001b[33mclass\u001b[39m=\u001b[32m\"font-bold text-gray-900\"\u001b[39m\n            \u001b[36m>\u001b[39m\n              \u001b[0m2\u001b[0m\n            \u001b[36m</span>\u001b[39m\n            \u001b[0m de \u001b[0m\n            \u001b[36m<span\u001b[39m\n              \u001b[33mclass\u001b[39m=\u001b[32m\"font-bold text-gray-900\"\u001b[39m\n            \u001b[36m>\u001b[39m\n              \u001b[0m5\u001b[0m\n            \u001b[36m</span>\u001b[39m\n          \u001b[36m</p>\u001b[39m\n          \u001b[36m<div\u001b[39m\n            \u001b[33mclass\u001b[39m=\u001b[32m\"flex items-center gap-1 mx-auto sm:mx-0\"\u001b[39m\n          \u001b[36m>\u001b[39m\n            \u001b[36m<button\u001b[39m\n              \u001b[33maria-label\u001b[39m=\u001b[32m\"Anterior\"\u001b[39m\n              \u001b[33mclass\u001b[39m=\u001b[32m\"p-2 text-gray-500 hover:text-emerald-600 hover:bg-emerald-50 rounded-lg disabled:opacity-30 disabled:hover:bg-transparent transition-all\"\u001b[39m\n            \u001b[36m>\u001b[39m\n              \u001b[36m<svg\u001b[39m\n                \u001b[33maria-hidden\u001b[39m=\u001b[32m\"true\"\u001b[39m\n                \u001b[33mclass\u001b[39m=\u001b[32m\"lucide lucide-chevron-left w-5 h-5\"\u001b[39m\n                \u001b[33mfill\u001b[39m=\u001b[32m\"none\"\u001b[39m\n                \u001b[33mheight\u001b[39m=\u001b[32m\"24\"\u001b[39m\n                \u001b[33mstroke\u001b[39m=\u001b[32m\"currentColor\"\u001b[39m\n                \u001b[33mstroke-linecap\u001b[39m=\u001b[32m\"round\"\u001b[39m\n                \u001b[33mstroke-linejoin\u001b[39m=\u001b[32m\"round\"\u001b[39m\n                \u001b[33mstroke-width\u001b[39m=\u001b[32m\"2\"\u001b[39m\n                \u001b[33mviewBox\u001b[39m=\u001b[32m\"0 0 24 24\"\u001b[39m\n                \u001b[33mwidth\u001b[39m=\u001b[32m\"24\"\u001b[39m\n                \u001b[33mxmlns\u001b[39m=\u001b[32m\"http://www.w3.org/2000/svg\"\u001b[39m\n              \u001b[36m>\u001b[39m\n                \u001b[36m<path\u001b[39m\n                  \u001b[33md\u001b[39m=\u001b[32m\"m15 18-6-6 6-6\"\u001b[39m\n                \u001b[36m/>\u001b[39m\n              \u001b[36m</svg>\u001b[39m\n            \u001b[36m</button>\u001b[39m\n            \u001b[36m<div\u001b[39m\n              \u001b[33mclass\u001b[39m=\u001b[32m\"flex items-center gap-1\"\u001b[39m\n            \u001b[36m>\u001b[39m\n              \u001b[36m<button\u001b[39m\n                \u001b[33mclass\u001b[39m=\u001b[32m\"w-8 h-8 flex items-center justify-center rounded-lg text-sm font-medium transition-all text-gray-600 hover:bg-gray-100\"\u001b[39m\n              \u001b[36m>\u001b[39m\n                \u001b[0m1\u001b[0m\n              \u001b[36m</button>\u001b[39m\n              \u001b[36m<button\u001b[39m\n                \u001b[33mclass\u001b[39m=\u001b[32m\"w-8 h-8 flex items-center justify-center rounded-lg text-sm font-medium transition-all bg-emerald-600 text-white shadow-md shadow-emerald-200\"\u001b[39m\n              \u001b[36m>\u001b[39m\n                \u001b[0m2\u001b[0m\n              \u001b[36m</button>\u001b[39m\n              \u001b[36m<button\u001b[39m\n                \u001b[33mclass\u001b[39m=\u001b[32m\"w-8 h-8 flex items-center justify-center rounded-lg text-sm font-medium transition-all text-gray-600 hover:bg-gray-100\"\u001b[39m\n              \u001b[36m>\u001b[39m\n                \u001b[0m3\u001b[0m\n              \u001b[36m</button>\u001b[39m\n              \u001b[36m<button\u001b[39m\n                \u001b[33mclass\u001b[39m=\u001b[32m\"w-8 h-8 flex items-center justify-center rounded-lg text-sm font-medium transition-all text-gray-600 hover:bg-gray-100\"\u001b[39m\n              \u001b[36m>\u001b[39m\n                \u001b[0m4\u001b[0m\n              \u001b[36m</button>\u001b[39m\n              \u001b[36m<button\u001b[39m\n                \u001b[33mclass\u001b[39m=\u001b[32m\"w-8 h-8 flex items-center justify-center rounded-lg text-sm font-medium transition-all text-gray-600 hover:bg-gray-100\"\u001b[39m\n              \u001b[36m>\u001b[39m\n                \u001b[0m5\u001b[0m\n              \u001b[36m</button>\u001b[39m\n            \u001b[36m</div>\u001b[39m\n            \u001b[36m<button\u001b[39m\n              \u001b[33maria-label\u001b[39m=\u001b[32m\"Próxima\"\u001b[39m\n              \u001b[33mclass\u001b[39m=\u001b[32m\"p-2 text-gray-500 hover:text-emerald-600 hover:bg-emerald-50 rounded-lg disabled:opacity-30 disabled:hover:bg-transparent transition-all\"\u001b[39m\n            \u001b[36m>\u001b[39m\n              \u001b[36m<svg\u001b[39m\n                \u001b[33maria-hidden\u001b[39m=\u001b[32m\"true\"\u001b[39m\n                \u001b[33mclass\u001b[39m=\u001b[32m\"lucide lucide-chevron-right w-5 h-5\"\u001b[39m\n                \u001b[33mfill\u001b[39m=\u001b[32m\"none\"\u001b[39m\n                \u001b[33mheight\u001b[39m=\u001b[32m\"24\"\u001b[39m\n                \u001b[33mstroke\u001b[39m=\u001b[32m\"currentColor\"\u001b[39m\n                \u001b[33mstroke-linecap\u001b[39m=\u001b[32m\"round\"\u001b[39m\n                \u001b[33mstroke-linejoin\u001b[39m=\u001b[32m\"round\"\u001b[39m\n                \u001b[33mstroke-width\u001b[39m=\u001b[32m\"2\"\u001b[39m\n                \u001b[33mviewBox\u001b[39m=\u001b[32m\"0 0 24 24\"\u001b[39m\n                \u001b[33mwidth\u001b[39m=\u001b[32m\"24\"\u001b[39m\n                \u001b[33mxmlns\u001b[39m=\u001b[32m\"http://www.w3.org/2000/svg\"\u001b[39m\n              \u001b[36m>\u001b[39m\n                \u001b[36m<path\u001b[39m\n                  \u001b[33md\u001b[39m=\u001b[32m\"m9 18 6-6-6-6\"\u001b[39m\n                \u001b[36m/>\u001b[39m\n              \u001b[36m</svg>\u001b[39m\n            \u001b[36m</button>\u001b[39m\n          \u001b[36m</div>\u001b[39m\n        \u001b[36m</div>\u001b[39m\n      \u001b[36m</div>\u001b[39m\n    \u001b[36m</body>\u001b[39m\n\u001b[2m\u001b[22m\n\u001b[2m    \u001b[0m \u001b[90m 17 |\u001b[39m         \u001b[90m// Custom text matcher to find \"Página 2 de 5\"\u001b[39m\u001b[22m\n\u001b[2m     \u001b[90m 18 |\u001b[39m         expect(screen\u001b[33m.\u001b[39mgetByText(\u001b[35m/Página/\u001b[39m))\u001b[33m.\u001b[39mtoBeInTheDocument()\u001b[33m;\u001b[39m\u001b[22m\n\u001b[2m    \u001b[31m\u001b[1m>\u001b[22m\u001b[2m\u001b[39m\u001b[90m 19 |\u001b[39m         expect(screen\u001b[33m.\u001b[39mgetByText(\u001b[32m'2'\u001b[39m))\u001b[33m.\u001b[39mtoBeInTheDocument()\u001b[33m;\u001b[39m\u001b[22m\n\u001b[2m     \u001b[90m    |\u001b[39m                       \u001b[31m\u001b[1m^\u001b[22m\u001b[2m\u001b[39m\u001b[22m\n\u001b[2m     \u001b[90m 20 |\u001b[39m         expect(screen\u001b[33m.\u001b[39mgetByText(\u001b[32m'5'\u001b[39m))\u001b[33m.\u001b[39mtoBeInTheDocument()\u001b[33m;\u001b[39m\u001b[22m\n\u001b[2m     \u001b[90m 21 |\u001b[39m     })\u001b[33m;\u001b[39m\u001b[22m\n\u001b[2m     \u001b[90m 22 |\u001b[39m\u001b[0m\u001b[22m\n\u001b[2m\u001b[22m\n\u001b[2m      \u001b[2mat Object.getElementError (\u001b[22m\u001b[2mnode_modules/@testing-library/dom/dist/config.js\u001b[2m:37:19)\u001b[22m\u001b[2m\u001b[22m\n\u001b[2m      \u001b[2mat getElementError (\u001b[22m\u001b[2mnode_modules/@testing-library/dom/dist/query-helpers.js\u001b[2m:20:35)\u001b[22m\u001b[2m\u001b[22m\n\u001b[2m      \u001b[2mat getMultipleElementsFoundError (\u001b[22m\u001b[2mnode_modules/@testing-library/dom/dist/query-helpers.js\u001b[2m:23:10)\u001b[22m\u001b[2m\u001b[22m\n\u001b[2m      \u001b[2mat \u001b[22m\u001b[2mnode_modules/@testing-library/dom/dist/query-helpers.js\u001b[2m:55:13\u001b[22m\u001b[2m\u001b[22m\n\u001b[2m      \u001b[2mat \u001b[22m\u001b[2mnode_modules/@testing-library/dom/dist/query-helpers.js\u001b[2m:95:19\u001b[22m\u001b[2m\u001b[22m\n\u001b[2m      \u001b[2mat Object.<anonymous> (\u001b[22m\u001b[2m\u001b[0m\u001b[36m__tests__/components/Pagination.test.tsx\u001b[39m\u001b[0m\u001b[2m:19:23)\u001b[22m\u001b[2m\u001b[22m\n\n\u001b[1m\u001b[31m  \u001b[1m● \u001b[22m\u001b[1mPagination Component › renders all page numbers when totalPages <= 5\u001b[39m\u001b[22m\n\n    TestingLibraryElementError: Found multiple elements with the text: 1\n\n    Here are the matching elements:\n\n    Ignored nodes: comments, script, style\n    \u001b[36m<span\u001b[39m\n      \u001b[33mclass\u001b[39m=\u001b[32m\"font-bold text-gray-900\"\u001b[39m\n    \u001b[36m>\u001b[39m\n      \u001b[0m1\u001b[0m\n    \u001b[36m</span>\u001b[39m\n\n    Ignored nodes: comments, script, style\n    \u001b[36m<button\u001b[39m\n      \u001b[33mclass\u001b[39m=\u001b[32m\"w-8 h-8 flex items-center justify-center rounded-lg text-sm font-medium transition-all bg-emerald-600 text-white shadow-md shadow-emerald-200\"\u001b[39m\n    \u001b[36m>\u001b[39m\n      \u001b[0m1\u001b[0m\n    \u001b[36m</button>\u001b[39m\n\n    (If this is intentional, then use the `*AllBy*` variant of the query (like `queryAllByText`, `getAllByText`, or `findAllByText`)).\n\n    Ignored nodes: comments, script, style\n    \u001b[36m<body>\u001b[39m\n      \u001b[36m<div>\u001b[39m\n        \u001b[36m<div\u001b[39m\n          \u001b[33mclass\u001b[39m=\u001b[32m\"flex items-center justify-between mt-6 bg-white p-4 rounded-xl shadow-sm border border-gray-100\"\u001b[39m\n        \u001b[36m>\u001b[39m\n          \u001b[36m<p\u001b[39m\n            \u001b[33mclass\u001b[39m=\u001b[32m\"text-sm text-gray-500 hidden sm:block\"\u001b[39m\n          \u001b[36m>\u001b[39m\n            \u001b[0mPágina \u001b[0m\n            \u001b[36m<span\u001b[39m\n              \u001b[33mclass\u001b[39m=\u001b[32m\"font-bold text-gray-900\"\u001b[39m\n            \u001b[36m>\u001b[39m\n              \u001b[0m1\u001b[0m\n            \u001b[36m</span>\u001b[39m\n            \u001b[0m de \u001b[0m\n            \u001b[36m<span\u001b[39m\n              \u001b[33mclass\u001b[39m=\u001b[32m\"font-bold text-gray-900\"\u001b[39m\n            \u001b[36m>\u001b[39m\n              \u001b[0m4\u001b[0m\n            \u001b[36m</span>\u001b[39m\n          \u001b[36m</p>\u001b[39m\n          \u001b[36m<div\u001b[39m\n            \u001b[33mclass\u001b[39m=\u001b[32m\"flex items-center gap-1 mx-auto sm:mx-0\"\u001b[39m\n          \u001b[36m>\u001b[39m\n            \u001b[36m<button\u001b[39m\n              \u001b[33maria-label\u001b[39m=\u001b[32m\"Anterior\"\u001b[39m\n              \u001b[33mclass\u001b[39m=\u001b[32m\"p-2 text-gray-500 hover:text-emerald-600 hover:bg-emerald-50 rounded-lg disabled:opacity-30 disabled:hover:bg-transparent transition-all\"\u001b[39m\n              \u001b[33mdisabled\u001b[39m=\u001b[32m\"\"\u001b[39m\n            \u001b[36m>\u001b[39m\n              \u001b[36m<svg\u001b[39m\n                \u001b[33maria-hidden\u001b[39m=\u001b[32m\"true\"\u001b[39m\n                \u001b[33mclass\u001b[39m=\u001b[32m\"lucide lucide-chevron-left w-5 h-5\"\u001b[39m\n                \u001b[33mfill\u001b[39m=\u001b[32m\"none\"\u001b[39m\n                \u001b[33mheight\u001b[39m=\u001b[32m\"24\"\u001b[39m\n                \u001b[33mstroke\u001b[39m=\u001b[32m\"currentColor\"\u001b[39m\n                \u001b[33mstroke-linecap\u001b[39m=\u001b[32m\"round\"\u001b[39m\n                \u001b[33mstroke-linejoin\u001b[39m=\u001b[32m\"round\"\u001b[39m\n                \u001b[33mstroke-width\u001b[39m=\u001b[32m\"2\"\u001b[39m\n                \u001b[33mviewBox\u001b[39m=\u001b[32m\"0 0 24 24\"\u001b[39m\n                \u001b[33mwidth\u001b[39m=\u001b[32m\"24\"\u001b[39m\n                \u001b[33mxmlns\u001b[39m=\u001b[32m\"http://www.w3.org/2000/svg\"\u001b[39m\n              \u001b[36m>\u001b[39m\n                \u001b[36m<path\u001b[39m\n                  \u001b[33md\u001b[39m=\u001b[32m\"m15 18-6-6 6-6\"\u001b[39m\n                \u001b[36m/>\u001b[39m\n              \u001b[36m</svg>\u001b[39m\n            \u001b[36m</button>\u001b[39m\n            \u001b[36m<div\u001b[39m\n              \u001b[33mclass\u001b[39m=\u001b[32m\"flex items-center gap-1\"\u001b[39m\n            \u001b[36m>\u001b[39m\n              \u001b[36m<button\u001b[39m\n                \u001b[33mclass\u001b[39m=\u001b[32m\"w-8 h-8 flex items-center justify-center rounded-lg text-sm font-medium transition-all bg-emerald-600 text-white shadow-md shadow-emerald-200\"\u001b[39m\n              \u001b[36m>\u001b[39m\n                \u001b[0m1\u001b[0m\n              \u001b[36m</button>\u001b[39m\n              \u001b[36m<button\u001b[39m\n                \u001b[33mclass\u001b[39m=\u001b[32m\"w-8 h-8 flex items-center justify-center rounded-lg text-sm font-medium transition-all text-gray-600 hover:bg-gray-100\"\u001b[39m\n              \u001b[36m>\u001b[39m\n                \u001b[0m2\u001b[0m\n              \u001b[36m</button>\u001b[39m\n              \u001b[36m<button\u001b[39m\n                \u001b[33mclass\u001b[39m=\u001b[32m\"w-8 h-8 flex items-center justify-center rounded-lg text-sm font-medium transition-all text-gray-600 hover:bg-gray-100\"\u001b[39m\n              \u001b[36m>\u001b[39m\n                \u001b[0m3\u001b[0m\n              \u001b[36m</button>\u001b[39m\n              \u001b[36m<button\u001b[39m\n                \u001b[33mclass\u001b[39m=\u001b[32m\"w-8 h-8 flex items-center justify-center rounded-lg text-sm font-medium transition-all text-gray-600 hover:bg-gray-100\"\u001b[39m\n              \u001b[36m>\u001b[39m\n                \u001b[0m4\u001b[0m\n              \u001b[36m</button>\u001b[39m\n            \u001b[36m</div>\u001b[39m\n            \u001b[36m<button\u001b[39m\n              \u001b[33maria-label\u001b[39m=\u001b[32m\"Próxima\"\u001b[39m\n              \u001b[33mclass\u001b[39m=\u001b[32m\"p-2 text-gray-500 hover:text-emerald-600 hover:bg-emerald-50 rounded-lg disabled:opacity-30 disabled:hover:bg-transparent transition-all\"\u001b[39m\n            \u001b[36m>\u001b[39m\n              \u001b[36m<svg\u001b[39m\n                \u001b[33maria-hidden\u001b[39m=\u001b[32m\"true\"\u001b[39m\n                \u001b[33mclass\u001b[39m=\u001b[32m\"lucide lucide-chevron-right w-5 h-5\"\u001b[39m\n                \u001b[33mfill\u001b[39m=\u001b[32m\"none\"\u001b[39m\n                \u001b[33mheight\u001b[39m=\u001b[32m\"24\"\u001b[39m\n                \u001b[33mstroke\u001b[39m=\u001b[32m\"currentColor\"\u001b[39m\n                \u001b[33mstroke-linecap\u001b[39m=\u001b[32m\"round\"\u001b[39m\n                \u001b[33mstroke-linejoin\u001b[39m=\u001b[32m\"round\"\u001b[39m\n                \u001b[33mstroke-width\u001b[39m=\u001b[32m\"2\"\u001b[39m\n                \u001b[33mviewBox\u001b[39m=\u001b[32m\"0 0 24 24\"\u001b[39m\n                \u001b[33mwidth\u001b[39m=\u001b[32m\"24\"\u001b[39m\n                \u001b[33mxmlns\u001b[39m=\u001b[32m\"http://www.w3.org/2000/svg\"\u001b[39m\n              \u001b[36m>\u001b[39m\n                \u001b[36m<path\u001b[39m\n                  \u001b[33md\u001b[39m=\u001b[32m\"m9 18 6-6-6-6\"\u001b[39m\n                \u001b[36m/>\u001b[39m\n              \u001b[36m</svg>\u001b[39m\n            \u001b[36m</button>\u001b[39m\n          \u001b[36m</div>\u001b[39m\n        \u001b[36m</div>\u001b[39m\n      \u001b[36m</div>\u001b[39m\n    \u001b[36m</body>\u001b[39m\n\u001b[2m\u001b[22m\n\u001b[2m    \u001b[0m \u001b[90m 25 |\u001b[39m\u001b[22m\n\u001b[2m     \u001b[90m 26 |\u001b[39m         \u001b[36mfor\u001b[39m (\u001b[36mlet\u001b[39m i \u001b[33m=\u001b[39m \u001b[35m1\u001b[39m\u001b[33m;\u001b[39m i \u001b[33m<=\u001b[39m \u001b[35m4\u001b[39m\u001b[33m;\u001b[39m i\u001b[33m++\u001b[39m) {\u001b[22m\n\u001b[2m    \u001b[31m\u001b[1m>\u001b[22m\u001b[2m\u001b[39m\u001b[90m 27 |\u001b[39m             expect(screen\u001b[33m.\u001b[39mgetByText(\u001b[33mString\u001b[39m(i)))\u001b[33m.\u001b[39mtoBeInTheDocument()\u001b[33m;\u001b[39m\u001b[22m\n\u001b[2m     \u001b[90m    |\u001b[39m                           \u001b[31m\u001b[1m^\u001b[22m\u001b[2m\u001b[39m\u001b[22m\n\u001b[2m     \u001b[90m 28 |\u001b[39m         }\u001b[22m\n\u001b[2m     \u001b[90m 29 |\u001b[39m     })\u001b[33m;\u001b[39m\u001b[22m\n\u001b[2m     \u001b[90m 30 |\u001b[39m\u001b[0m\u001b[22m\n\u001b[2m\u001b[22m\n\u001b[2m      \u001b[2mat Object.getElementError (\u001b[22m\u001b[2mnode_modules/@testing-library/dom/dist/config.js\u001b[2m:37:19)\u001b[22m\u001b[2m\u001b[22m\n\u001b[2m      \u001b[2mat getElementError (\u001b[22m\u001b[2mnode_modules/@testing-library/dom/dist/query-helpers.js\u001b[2m:20:35)\u001b[22m\u001b[2m\u001b[22m\n\u001b[2m      \u001b[2mat getMultipleElementsFoundError (\u001b[22m\u001b[2mnode_modules/@testing-library/dom/dist/query-helpers.js\u001b[2m:23:10)\u001b[22m\u001b[2m\u001b[22m\n\u001b[2m      \u001b[2mat \u001b[22m\u001b[2mnode_modules/@testing-library/dom/dist/query-helpers.js\u001b[2m:55:13\u001b[22m\u001b[2m\u001b[22m\n\u001b[2m      \u001b[2mat \u001b[22m\u001b[2mnode_modules/@testing-library/dom/dist/query-helpers.js\u001b[2m:95:19\u001b[22m\u001b[2m\u001b[22m\n\u001b[2m      \u001b[2mat Object.<anonymous> (\u001b[22m\u001b[2m\u001b[0m\u001b[36m__tests__/components/Pagination.test.tsx\u001b[39m\u001b[0m\u001b[2m:27:27)\u001b[22m\u001b[2m\u001b[22m\n\n\u001b[1m\u001b[31m  \u001b[1m● \u001b[22m\u001b[1mPagination Component › renders ellipses when totalPages > 5\u001b[39m\u001b[22m\n\n    TestingLibraryElementError: Found multiple elements with the text: 1\n\n    Here are the matching elements:\n\n    Ignored nodes: comments, script, style\n    \u001b[36m<span\u001b[39m\n      \u001b[33mclass\u001b[39m=\u001b[32m\"font-bold text-gray-900\"\u001b[39m\n    \u001b[36m>\u001b[39m\n      \u001b[0m1\u001b[0m\n    \u001b[36m</span>\u001b[39m\n\n    Ignored nodes: comments, script, style\n    \u001b[36m<button\u001b[39m\n      \u001b[33mclass\u001b[39m=\u001b[32m\"w-8 h-8 flex items-center justify-center rounded-lg text-sm font-medium transition-all bg-emerald-600 text-white shadow-md shadow-emerald-200\"\u001b[39m\n    \u001b[36m>\u001b[39m\n      \u001b[0m1\u001b[0m\n    \u001b[36m</button>\u001b[39m\n\n    (If this is intentional, then use the `*AllBy*` variant of the query (like `queryAllByText`, `getAllByText`, or `findAllByText`)).\n\n    Ignored nodes: comments, script, style\n    \u001b[36m<body>\u001b[39m\n      \u001b[36m<div>\u001b[39m\n        \u001b[36m<div\u001b[39m\n          \u001b[33mclass\u001b[39m=\u001b[32m\"flex items-center justify-between mt-6 bg-white p-4 rounded-xl shadow-sm border border-gray-100\"\u001b[39m\n        \u001b[36m>\u001b[39m\n          \u001b[36m<p\u001b[39m\n            \u001b[33mclass\u001b[39m=\u001b[32m\"text-sm text-gray-500 hidden sm:block\"\u001b[39m\n          \u001b[36m>\u001b[39m\n            \u001b[0mPágina \u001b[0m\n            \u001b[36m<span\u001b[39m\n              \u001b[33mclass\u001b[39m=\u001b[32m\"font-bold text-gray-900\"\u001b[39m\n            \u001b[36m>\u001b[39m\n              \u001b[0m1\u001b[0m\n            \u001b[36m</span>\u001b[39m\n            \u001b[0m de \u001b[0m\n            \u001b[36m<span\u001b[39m\n              \u001b[33mclass\u001b[39m=\u001b[32m\"font-bold text-gray-900\"\u001b[39m\n            \u001b[36m>\u001b[39m\n              \u001b[0m10\u001b[0m\n            \u001b[36m</span>\u001b[39m\n          \u001b[36m</p>\u001b[39m\n          \u001b[36m<div\u001b[39m\n            \u001b[33mclass\u001b[39m=\u001b[32m\"flex items-center gap-1 mx-auto sm:mx-0\"\u001b[39m\n          \u001b[36m>\u001b[39m\n            \u001b[36m<button\u001b[39m\n              \u001b[33maria-label\u001b[39m=\u001b[32m\"Anterior\"\u001b[39m\n              \u001b[33mclass\u001b[39m=\u001b[32m\"p-2 text-gray-500 hover:text-emerald-600 hover:bg-emerald-50 rounded-lg disabled:opacity-30 disabled:hover:bg-transparent transition-all\"\u001b[39m\n              \u001b[33mdisabled\u001b[39m=\u001b[32m\"\"\u001b[39m\n            \u001b[36m>\u001b[39m\n              \u001b[36m<svg\u001b[39m\n                \u001b[33maria-hidden\u001b[39m=\u001b[32m\"true\"\u001b[39m\n                \u001b[33mclass\u001b[39m=\u001b[32m\"lucide lucide-chevron-left w-5 h-5\"\u001b[39m\n                \u001b[33mfill\u001b[39m=\u001b[32m\"none\"\u001b[39m\n                \u001b[33mheight\u001b[39m=\u001b[32m\"24\"\u001b[39m\n                \u001b[33mstroke\u001b[39m=\u001b[32m\"currentColor\"\u001b[39m\n                \u001b[33mstroke-linecap\u001b[39m=\u001b[32m\"round\"\u001b[39m\n                \u001b[33mstroke-linejoin\u001b[39m=\u001b[32m\"round\"\u001b[39m\n                \u001b[33mstroke-width\u001b[39m=\u001b[32m\"2\"\u001b[39m\n                \u001b[33mviewBox\u001b[39m=\u001b[32m\"0 0 24 24\"\u001b[39m\n                \u001b[33mwidth\u001b[39m=\u001b[32m\"24\"\u001b[39m\n                \u001b[33mxmlns\u001b[39m=\u001b[32m\"http://www.w3.org/2000/svg\"\u001b[39m\n              \u001b[36m>\u001b[39m\n                \u001b[36m<path\u001b[39m\n                  \u001b[33md\u001b[39m=\u001b[32m\"m15 18-6-6 6-6\"\u001b[39m\n                \u001b[36m/>\u001b[39m\n              \u001b[36m</svg>\u001b[39m\n            \u001b[36m</button>\u001b[39m\n            \u001b[36m<div\u001b[39m\n              \u001b[33mclass\u001b[39m=\u001b[32m\"flex items-center gap-1\"\u001b[39m\n            \u001b[36m>\u001b[39m\n              \u001b[36m<button\u001b[39m\n                \u001b[33mclass\u001b[39m=\u001b[32m\"w-8 h-8 flex items-center justify-center rounded-lg text-sm font-medium transition-all bg-emerald-600 text-white shadow-md shadow-emerald-200\"\u001b[39m\n              \u001b[36m>\u001b[39m\n                \u001b[0m1\u001b[0m\n              \u001b[36m</button>\u001b[39m\n              \u001b[36m<button\u001b[39m\n                \u001b[33mclass\u001b[39m=\u001b[32m\"w-8 h-8 flex items-center justify-center rounded-lg text-sm font-medium transition-all text-gray-600 hover:bg-gray-100\"\u001b[39m\n              \u001b[36m>\u001b[39m\n                \u001b[0m2\u001b[0m\n              \u001b[36m</button>\u001b[39m\n              \u001b[36m<button\u001b[39m\n                \u001b[33mclass\u001b[39m=\u001b[32m\"w-8 h-8 flex items-center justify-center rounded-lg text-sm font-medium transition-all text-gray-600 hover:bg-gray-100\"\u001b[39m\n              \u001b[36m>\u001b[39m\n                \u001b[0m3\u001b[0m\n              \u001b[36m</button>\u001b[39m\n              \u001b[36m<span\u001b[39m\n                \u001b[33mclass\u001b[39m=\u001b[32m\"w-8 h-8 flex items-center justify-center text-gray-400\"\u001b[39m\n              \u001b[36m>\u001b[39m\n                \u001b[0m...\u001b[0m\n              \u001b[36m</span>\u001b[39m\n              \u001b[36m<button\u001b[39m\n                \u001b[33mclass\u001b[39m=\u001b[32m\"w-8 h-8 flex items-center justify-center rounded-lg text-sm font-medium transition-all text-gray-600 hover:bg-gray-100\"\u001b[39m\n              \u001b[36m>\u001b[39m\n                \u001b[0m10\u001b[0m\n              \u001b[36m</button>\u001b[39m\n            \u001b[36m</div>\u001b[39m\n            \u001b[36m<button\u001b[39m\n              \u001b[33maria-label\u001b[39m=\u001b[32m\"Próxima\"\u001b[39m\n              \u001b[33mclass\u001b[39m=\u001b[32m\"p-2 text-gray-500 hover:text-emerald-600 hover:bg-emerald-50 rounded-lg disabled:opacity-30 disabled:hover:bg-transparent transition-all\"\u001b[39m\n            \u001b[36m>\u001b[39m\n              \u001b[36m<svg\u001b[39m\n                \u001b[33maria-hidden\u001b[39m=\u001b[32m\"true\"\u001b[39m\n                \u001b[33mclass\u001b[39m=\u001b[32m\"lucide lucide-chevron-right w-5 h-5\"\u001b[39m\n                \u001b[33mfill\u001b[39m=\u001b[32m\"none\"\u001b[39m\n                \u001b[33mheight\u001b[39m=\u001b[32m\"24\"\u001b[39m\n                \u001b[33mstroke\u001b[39m=\u001b[32m\"currentColor\"\u001b[39m\n                \u001b[33mstroke-linecap\u001b[39m=\u001b[32m\"round\"\u001b[39m\n                \u001b[33mstroke-linejoin\u001b[39m=\u001b[32m\"round\"\u001b[39m\n                \u001b[33mstroke-width\u001b[39m=\u001b[32m\"2\"\u001b[39m\n                \u001b[33mviewBox\u001b[39m=\u001b[32m\"0 0 24 24\"\u001b[39m\n                \u001b[33mwidth\u001b[39m=\u001b[32m\"24\"\u001b[39m\n                \u001b[33mxmlns\u001b[39m=\u001b[32m\"http://www.w3.org/2000/svg\"\u001b[39m\n              \u001b[36m>\u001b[39m\n                \u001b[36m<path\u001b[39m\n                  \u001b[33md\u001b[39m=\u001b[32m\"m9 18 6-6-6-6\"\u001b[39m\n                \u001b[36m/>\u001b[39m\n              \u001b[36m</svg>\u001b[39m\n            \u001b[36m</button>\u001b[39m\n          \u001b[36m</div>\u001b[39m\n        \u001b[36m</div>\u001b[39m\n      \u001b[36m</div>\u001b[39m\n    \u001b[36m</body>\u001b[39m\n\u001b[2m\u001b[22m\n\u001b[2m    \u001b[0m \u001b[90m 33 |\u001b[39m\u001b[22m\n\u001b[2m     \u001b[90m 34 |\u001b[39m         \u001b[90m// Should show 1, 2, 3, ..., 10\u001b[39m\u001b[22m\n\u001b[2m    \u001b[31m\u001b[1m>\u001b[22m\u001b[2m\u001b[39m\u001b[90m 35 |\u001b[39m         expect(screen\u001b[33m.\u001b[39mgetByText(\u001b[32m'1'\u001b[39m))\u001b[33m.\u001b[39mtoBeInTheDocument()\u001b[33m;\u001b[39m\u001b[22m\n\u001b[2m     \u001b[90m    |\u001b[39m                       \u001b[31m\u001b[1m^\u001b[22m\u001b[2m\u001b[39m\u001b[22m\n\u001b[2m     \u001b[90m 36 |\u001b[39m         expect(screen\u001b[33m.\u001b[39mgetByText(\u001b[32m'2'\u001b[39m))\u001b[33m.\u001b[39mtoBeInTheDocument()\u001b[33m;\u001b[39m\u001b[22m\n\u001b[2m     \u001b[90m 37 |\u001b[39m         expect(screen\u001b[33m.\u001b[39mgetByText(\u001b[32m'3'\u001b[39m))\u001b[33m.\u001b[39mtoBeInTheDocument()\u001b[33m;\u001b[39m\u001b[22m\n\u001b[2m     \u001b[90m 38 |\u001b[39m         expect(screen\u001b[33m.\u001b[39mgetByText(\u001b[32m'...'\u001b[39m))\u001b[33m.\u001b[39mtoBeInTheDocument()\u001b[33m;\u001b[39m\u001b[0m\u001b[22m\n\u001b[2m\u001b[22m\n\u001b[2m      \u001b[2mat Object.getElementError (\u001b[22m\u001b[2mnode_modules/@testing-library/dom/dist/config.js\u001b[2m:37:19)\u001b[22m\u001b[2m\u001b[22m\n\u001b[2m      \u001b[2mat getElementError (\u001b[22m\u001b[2mnode_modules/@testing-library/dom/dist/query-helpers.js\u001b[2m:20:35)\u001b[22m\u001b[2m\u001b[22m\n\u001b[2m      \u001b[2mat getMultipleElementsFoundError (\u001b[22m\u001b[2mnode_modules/@testing-library/dom/dist/query-helpers.js\u001b[2m:23:10)\u001b[22m\u001b[2m\u001b[22m\n\u001b[2m      \u001b[2mat \u001b[22m\u001b[2mnode_modules/@testing-library/dom/dist/query-helpers.js\u001b[2m:55:13\u001b[22m\u001b[2m\u001b[22m\n\u001b[2m      \u001b[2mat \u001b[22m\u001b[2mnode_modules/@testing-library/dom/dist/query-helpers.js\u001b[2m:95:19\u001b[22m\u001b[2m\u001b[22m\n\u001b[2m      \u001b[2mat Object.<anonymous> (\u001b[22m\u001b[2m\u001b[0m\u001b[36m__tests__/components/Pagination.test.tsx\u001b[39m\u001b[0m\u001b[2m:35:23)\u001b[22m\u001b[2m\u001b[22m\n\n\u001b[1m\u001b[31m  \u001b[1m● \u001b[22m\u001b[1mPagination Component › highlights the current page\u001b[39m\u001b[22m\n\n    TestingLibraryElementError: Found multiple elements with the text: 3\n\n    Here are the matching elements:\n\n    Ignored nodes: comments, script, style\n    \u001b[36m<span\u001b[39m\n      \u001b[33mclass\u001b[39m=\u001b[32m\"font-bold text-gray-900\"\u001b[39m\n    \u001b[36m>\u001b[39m\n      \u001b[0m3\u001b[0m\n    \u001b[36m</span>\u001b[39m\n\n    Ignored nodes: comments, script, style\n    \u001b[36m<button\u001b[39m\n      \u001b[33mclass\u001b[39m=\u001b[32m\"w-8 h-8 flex items-center justify-center rounded-lg text-sm font-medium transition-all bg-emerald-600 text-white shadow-md shadow-emerald-200\"\u001b[39m\n    \u001b[36m>\u001b[39m\n      \u001b[0m3\u001b[0m\n    \u001b[36m</button>\u001b[39m\n\n    (If this is intentional, then use the `*AllBy*` variant of the query (like `queryAllByText`, `getAllByText`, or `findAllByText`)).\n\n    Ignored nodes: comments, script, style\n    \u001b[36m<body>\u001b[39m\n      \u001b[36m<div>\u001b[39m\n        \u001b[36m<div\u001b[39m\n          \u001b[33mclass\u001b[39m=\u001b[32m\"flex items-center justify-between mt-6 bg-white p-4 rounded-xl shadow-sm border border-gray-100\"\u001b[39m\n        \u001b[36m>\u001b[39m\n          \u001b[36m<p\u001b[39m\n            \u001b[33mclass\u001b[39m=\u001b[32m\"text-sm text-gray-500 hidden sm:block\"\u001b[39m\n          \u001b[36m>\u001b[39m\n            \u001b[0mPágina \u001b[0m\n            \u001b[36m<span\u001b[39m\n              \u001b[33mclass\u001b[39m=\u001b[32m\"font-bold text-gray-900\"\u001b[39m\n            \u001b[36m>\u001b[39m\n              \u001b[0m3\u001b[0m\n            \u001b[36m</span>\u001b[39m\n            \u001b[0m de \u001b[0m\n            \u001b[36m<span\u001b[39m\n              \u001b[33mclass\u001b[39m=\u001b[32m\"font-bold text-gray-900\"\u001b[39m\n            \u001b[36m>\u001b[39m\n              \u001b[0m5\u001b[0m\n            \u001b[36m</span>\u001b[39m\n          \u001b[36m</p>\u001b[39m\n          \u001b[36m<div\u001b[39m\n            \u001b[33mclass\u001b[39m=\u001b[32m\"flex items-center gap-1 mx-auto sm:mx-0\"\u001b[39m\n          \u001b[36m>\u001b[39m\n            \u001b[36m<button\u001b[39m\n              \u001b[33maria-label\u001b[39m=\u001b[32m\"Anterior\"\u001b[39m\n              \u001b[33mclass\u001b[39m=\u001b[32m\"p-2 text-gray-500 hover:text-emerald-600 hover:bg-emerald-50 rounded-lg disabled:opacity-30 disabled:hover:bg-transparent transition-all\"\u001b[39m\n            \u001b[36m>\u001b[39m\n              \u001b[36m<svg\u001b[39m\n                \u001b[33maria-hidden\u001b[39m=\u001b[32m\"true\"\u001b[39m\n                \u001b[33mclass\u001b[39m=\u001b[32m\"lucide lucide-chevron-left w-5 h-5\"\u001b[39m\n                \u001b[33mfill\u001b[39m=\u001b[32m\"none\"\u001b[39m\n                \u001b[33mheight\u001b[39m=\u001b[32m\"24\"\u001b[39m\n                \u001b[33mstroke\u001b[39m=\u001b[32m\"currentColor\"\u001b[39m\n                \u001b[33mstroke-linecap\u001b[39m=\u001b[32m\"round\"\u001b[39m\n                \u001b[33mstroke-linejoin\u001b[39m=\u001b[32m\"round\"\u001b[39m\n                \u001b[33mstroke-width\u001b[39m=\u001b[32m\"2\"\u001b[39m\n                \u001b[33mviewBox\u001b[39m=\u001b[32m\"0 0 24 24\"\u001b[39m\n                \u001b[33mwidth\u001b[39m=\u001b[32m\"24\"\u001b[39m\n                \u001b[33mxmlns\u001b[39m=\u001b[32m\"http://www.w3.org/2000/svg\"\u001b[39m\n              \u001b[36m>\u001b[39m\n                \u001b[36m<path\u001b[39m\n                  \u001b[33md\u001b[39m=\u001b[32m\"m15 18-6-6 6-6\"\u001b[39m\n                \u001b[36m/>\u001b[39m\n              \u001b[36m</svg>\u001b[39m\n            \u001b[36m</button>\u001b[39m\n            \u001b[36m<div\u001b[39m\n              \u001b[33mclass\u001b[39m=\u001b[32m\"flex items-center gap-1\"\u001b[39m\n            \u001b[36m>\u001b[39m\n              \u001b[36m<button\u001b[39m\n                \u001b[33mclass\u001b[39m=\u001b[32m\"w-8 h-8 flex items-center justify-center rounded-lg text-sm font-medium transition-all text-gray-600 hover:bg-gray-100\"\u001b[39m\n              \u001b[36m>\u001b[39m\n                \u001b[0m1\u001b[0m\n              \u001b[36m</button>\u001b[39m\n              \u001b[36m<button\u001b[39m\n                \u001b[33mclass\u001b[39m=\u001b[32m\"w-8 h-8 flex items-center justify-center rounded-lg text-sm font-medium transition-all text-gray-600 hover:bg-gray-100\"\u001b[39m\n              \u001b[36m>\u001b[39m\n                \u001b[0m2\u001b[0m\n              \u001b[36m</button>\u001b[39m\n              \u001b[36m<button\u001b[39m\n                \u001b[33mclass\u001b[39m=\u001b[32m\"w-8 h-8 flex items-center justify-center rounded-lg text-sm font-medium transition-all bg-emerald-600 text-white shadow-md shadow-emerald-200\"\u001b[39m\n              \u001b[36m>\u001b[39m\n                \u001b[0m3\u001b[0m\n              \u001b[36m</button>\u001b[39m\n              \u001b[36m<button\u001b[39m\n                \u001b[33mclass\u001b[39m=\u001b[32m\"w-8 h-8 flex items-center justify-center rounded-lg text-sm font-medium transition-all text-gray-600 hover:bg-gray-100\"\u001b[39m\n              \u001b[36m>\u001b[39m\n                \u001b[0m4\u001b[0m\n              \u001b[36m</button>\u001b[39m\n              \u001b[36m<button\u001b[39m\n                \u001b[33mclass\u001b[39m=\u001b[32m\"w-8 h-8 flex items-center justify-center rounded-lg text-sm font-medium transition-all text-gray-600 hover:bg-gray-100\"\u001b[39m\n              \u001b[36m>\u001b[39m\n                \u001b[0m5\u001b[0m\n              \u001b[36m</button>\u001b[39m\n            \u001b[36m</div>\u001b[39m\n            \u001b[36m<button\u001b[39m\n              \u001b[33maria-label\u001b[39m=\u001b[32m\"Próxima\"\u001b[39m\n              \u001b[33mclass\u001b[39m=\u001b[32m\"p-2 text-gray-500 hover:text-emerald-600 hover:bg-emerald-50 rounded-lg disabled:opacity-30 disabled:hover:bg-transparent transition-all\"\u001b[39m\n            \u001b[36m>\u001b[39m\n              \u001b[36m<svg\u001b[39m\n                \u001b[33maria-hidden\u001b[39m=\u001b[32m\"true\"\u001b[39m\n                \u001b[33mclass\u001b[39m=\u001b[32m\"lucide lucide-chevron-right w-5 h-5\"\u001b[39m\n                \u001b[33mfill\u001b[39m=\u001b[32m\"none\"\u001b[39m\n                \u001b[33mheight\u001b[39m=\u001b[32m\"24\"\u001b[39m\n                \u001b[33mstroke\u001b[39m=\u001b[32m\"currentColor\"\u001b[39m\n                \u001b[33mstroke-linecap\u001b[39m=\u001b[32m\"round\"\u001b[39m\n                \u001b[33mstroke-linejoin\u001b[39m=\u001b[32m\"round\"\u001b[39m\n                \u001b[33mstroke-width\u001b[39m=\u001b[32m\"2\"\u001b[39m\n                \u001b[33mviewBox\u001b[39m=\u001b[32m\"0 0 24 24\"\u001b[39m\n                \u001b[33mwidth\u001b[39m=\u001b[32m\"24\"\u001b[39m\n                \u001b[33mxmlns\u001b[39m=\u001b[32m\"http://www.w3.org/2000/svg\"\u001b[39m\n              \u001b[36m>\u001b[39m\n                \u001b[36m<path\u001b[39m\n                  \u001b[33md\u001b[39m=\u001b[32m\"m9 18 6-6-6-6\"\u001b[39m\n                \u001b[36m/>\u001b[39m\n              \u001b[36m</svg>\u001b[39m\n            \u001b[36m</button>\u001b[39m\n          \u001b[36m</div>\u001b[39m\n        \u001b[36m</div>\u001b[39m\n      \u001b[36m</div>\u001b[39m\n    \u001b[36m</body>\u001b[39m\n\u001b[2m\u001b[22m\n\u001b[2m    \u001b[0m \u001b[90m 43 |\u001b[39m         render(\u001b[33m<\u001b[39m\u001b[33mPagination\u001b[39m currentPage\u001b[33m=\u001b[39m{\u001b[35m3\u001b[39m} totalPages\u001b[33m=\u001b[39m{\u001b[35m5\u001b[39m} onPageChange\u001b[33m=\u001b[39m{jest\u001b[33m.\u001b[39mfn()} \u001b[33m/\u001b[39m\u001b[33m>\u001b[39m)\u001b[33m;\u001b[39m\u001b[22m\n\u001b[2m     \u001b[90m 44 |\u001b[39m\u001b[22m\n\u001b[2m    \u001b[31m\u001b[1m>\u001b[22m\u001b[2m\u001b[39m\u001b[90m 45 |\u001b[39m         \u001b[36mconst\u001b[39m currentBtn \u001b[33m=\u001b[39m screen\u001b[33m.\u001b[39mgetByText(\u001b[32m'3'\u001b[39m)\u001b[33m;\u001b[39m\u001b[22m\n\u001b[2m     \u001b[90m    |\u001b[39m                                   \u001b[31m\u001b[1m^\u001b[22m\u001b[2m\u001b[39m\u001b[22m\n\u001b[2m     \u001b[90m 46 |\u001b[39m         expect(currentBtn)\u001b[33m.\u001b[39mtoHaveClass(\u001b[32m'bg-emerald-600'\u001b[39m)\u001b[33m;\u001b[39m\u001b[22m\n\u001b[2m     \u001b[90m 47 |\u001b[39m         expect(currentBtn)\u001b[33m.\u001b[39mtoHaveClass(\u001b[32m'text-white'\u001b[39m)\u001b[33m;\u001b[39m\u001b[22m\n\u001b[2m     \u001b[90m 48 |\u001b[39m     })\u001b[33m;\u001b[39m\u001b[0m\u001b[22m\n\u001b[2m\u001b[22m\n\u001b[2m      \u001b[2mat Object.getElementError (\u001b[22m\u001b[2mnode_modules/@testing-library/dom/dist/config.js\u001b[2m:37:19)\u001b[22m\u001b[2m\u001b[22m\n\u001b[2m      \u001b[2mat getElementError (\u001b[22m\u001b[2mnode_modules/@testing-library/dom/dist/query-helpers.js\u001b[2m:20:35)\u001b[22m\u001b[2m\u001b[22m\n\u001b[2m      \u001b[2mat getMultipleElementsFoundError (\u001b[22m\u001b[2mnode_modules/@testing-library/dom/dist/query-helpers.js\u001b[2m:23:10)\u001b[22m\u001b[2m\u001b[22m\n\u001b[2m      \u001b[2mat \u001b[22m\u001b[2mnode_modules/@testing-library/dom/dist/query-helpers.js\u001b[2m:55:13\u001b[22m\u001b[2m\u001b[22m\n\u001b[2m      \u001b[2mat \u001b[22m\u001b[2mnode_modules/@testing-library/dom/dist/query-helpers.js\u001b[2m:95:19\u001b[22m\u001b[2m\u001b[22m\n\u001b[2m      \u001b[2mat Object.<anonymous> (\u001b[22m\u001b[2m\u001b[0m\u001b[36m__tests__/components/Pagination.test.tsx\u001b[39m\u001b[0m\u001b[2m:45:35)\u001b[22m\u001b[2m\u001b[22m\n","name":"E:\\Projetos\\treeinspector-tree\\web\\__tests__\\components\\Pagination.test.tsx","startTime":1771934863884,"status":"failed","summary":""}],"wasInterrupted":false}
